--------------------------------------------------------------------------------
Script called at 2017-12-06 14:49:51.954919
The command was: ./makeHistStack.py --nostack --no_data --simulation -s WZGenAnalysis/rivetParticles -f wzjj-ewk__notaus,wzjj-ewk-allscales__maxptj,wzjj-vbfnlo-lo,wzjj-vbfnlo-lo-fixedscale,wzjj-ewk-fixedscale --folder_name CompareAllScales -l 1 -m mjj > 500 && dEtajj > 2.5 && l1Pt > 20 && l2Pt > 20 && l3Pt > 20 && abs(l1Eta) < 2.5 && abs(l3Eta) < 2.5 && abs(l2Eta) < 2.5 && Z1mass < 106 && Z1mass > 76 -u none -r EWK-VBS --scaleymax 0.1 --ratio_range 0.5 1.3 --ratio_text ratio to mg -c emm --extra_text #mu#mue chan
--------------------------------------------------------------------------------
Selection: WZGenAnalysis/rivetParticles
Additional cut: mjj > 500 && dEtajj > 2.5 && l1Pt > 20 && l2Pt > 20 && l3Pt > 20 && abs(l1Eta) < 2.5 && abs(l3Eta) < 2.5 && abs(l2Eta) < 2.5 && Z1mass < 106 && Z1mass > 76
Luminosity: 1.00 fb^{-1}
Plotting branch: dEtajj

+----------------------------+-----------------+-------+------------+------------+
|         Plot Group         | Weighted Events | Error | Stat Error | Raw Events |
+----------------------------+-----------------+-------+------------+------------+
| wzjj-ewk-allscales__maxptj |      0.378      |  0.0  |    0.0     |   32092    |
|      wzjj-ewk__notaus      |      0.412      |  0.0  |    0.0     |   23360    |
|    wzjj-ewk-fixedscale     |      0.436      |  0.0  |    0.0     |   49865    |
|       wzjj-vbfnlo-lo       |       0.24      |  0.0  |    0.0     |    7829    |
| wzjj-vbfnlo-lo-fixedscale  |      0.289      |  0.0  |    0.0     |    8828    |
+----------------------------+-----------------+-------+------------+------------+

Total sum of Monte Carlo: 1.75 +/- 0.01
Total sum of background Monte Carlo: 0.00 +/- 0.00
Ratio S/(S+B): 1.00 +/- 0.01
Ratio S/sqrt(S+B): 1.32 +/- 0.01