--------------------------------------------------------------------------------
Script called at 2017-12-05 23:42:47.143364
The command was: ./makeHistStack.py --nostack --no_data --simulation -s WZGenAnalysis/rivetParticles -f wzjj-ewk__notaus,wzjj-ewk-allscales__maxptj,wzjj-vbfnlo-lo,wzjj-vbfnlo-lo-fixedscale,wzjj-ewk-fixedscale --folder_name CompareAllScales -l 1 -m mjj > 500 && dEtajj > 2.5 && l1Pt > 20 && l2Pt > 20 && l3Pt > 20 && abs(l1Eta) < 2.5 && abs(l3Eta) < 2.5 && abs(l2Eta) < 2.5 && Z1mass < 106 && Z1mass > 76 -u none -r EWK-VBS --scaleymax 0.15 --ratio_range 0.5 1.3 --ratio_text ratio to mg -c eem,emm --extra_text eee+eem chans
--------------------------------------------------------------------------------
Selection: WZGenAnalysis/rivetParticles
Additional cut: mjj > 500 && dEtajj > 2.5 && l1Pt > 20 && l2Pt > 20 && l3Pt > 20 && abs(l1Eta) < 2.5 && abs(l3Eta) < 2.5 && abs(l2Eta) < 2.5 && Z1mass < 106 && Z1mass > 76
Luminosity: 1.00 fb^{-1}
Plotting branch: l1Pt

+----------------------------+-----------------+-------+------------+------------+
|         Plot Group         | Weighted Events | Error | Stat Error | Raw Events |
+----------------------------+-----------------+-------+------------+------------+
| wzjj-ewk-allscales__maxptj |      0.759      |  0.0  |    0.0     |   64509    |
|      wzjj-ewk__notaus      |      0.801      |  0.0  |    0.0     |   45436    |
|    wzjj-ewk-fixedscale     |       0.87      |  0.0  |    0.0     |   99449    |
|       wzjj-vbfnlo-lo       |       0.48      |  0.0  |    0.0     |   15674    |
| wzjj-vbfnlo-lo-fixedscale  |      0.547      |  0.0  |    0.0     |   16677    |
+----------------------------+-----------------+-------+------------+------------+

Total sum of Monte Carlo: 3.46 +/- 0.01
Total sum of background Monte Carlo: 0.00 +/- 0.00
Ratio S/(S+B): 1.00 +/- 0.01
Ratio S/sqrt(S+B): 1.86 +/- 0.01