--------------------------------------------------------------------------------
Script called at 2017-12-05 23:51:02.642254
The command was: ./makeHistStack.py --nostack --no_data --simulation -s WZGenAnalysis/rivetParticles -f wzjj-ewk__notaus,wzjj-ewk-allscales__maxptj,wzjj-vbfnlo-lo,wzjj-vbfnlo-lo-fixedscale,wzjj-ewk-fixedscale --folder_name CompareAllScales -l 1 -m mjj > 400 && dEtajj > 2.5 && l1Pt > 10 && l2Pt > 10 && l3Pt > 10 && abs(l1Eta) < 2.5 && abs(l3Eta) < 2.5 && abs(l2Eta) < 2.5 && Z1mass < 106 && Z1mass > 76 -u none -r EWK-VBS --scaleymax 0.25 --ratio_range 0.5 1.3 --ratio_text ratio to mg -c eem,emm --extra_text eee+eem chans -b mjj
--------------------------------------------------------------------------------
Selection: WZGenAnalysis/rivetParticles
Additional cut: mjj > 400 && dEtajj > 2.5 && l1Pt > 10 && l2Pt > 10 && l3Pt > 10 && abs(l1Eta) < 2.5 && abs(l3Eta) < 2.5 && abs(l2Eta) < 2.5 && Z1mass < 106 && Z1mass > 76
Luminosity: 1.00 fb^{-1}
Plotting branch: mjj

+----------------------------+-----------------+-------+------------+------------+
|         Plot Group         | Weighted Events | Error | Stat Error | Raw Events |
+----------------------------+-----------------+-------+------------+------------+
| wzjj-ewk-allscales__maxptj |       1.07      |  0.0  |    0.0     |   90681    |
|      wzjj-ewk__notaus      |       1.12      |  0.0  |    0.0     |   63670    |
|    wzjj-ewk-fixedscale     |       1.21      |  0.0  |    0.0     |   138691   |
|       wzjj-vbfnlo-lo       |      0.667      |  0.0  |    0.0     |   21795    |
| wzjj-vbfnlo-lo-fixedscale  |      0.763      |  0.0  |    0.01    |   23276    |
+----------------------------+-----------------+-------+------------+------------+

Total sum of Monte Carlo: 4.83 +/- 0.01
Total sum of background Monte Carlo: 0.00 +/- 0.00
Ratio S/(S+B): 1.00 +/- 0.00
Ratio S/sqrt(S+B): 2.20 +/- 0.01