________________________________________________________________________________
Results for file wlljj-ewk__notaus in plot group wzjj-ewk__notaus
Number of events in analyzeWZ/Ntuple channel: 0.41
Number of entries is 23361
Total number of events: 0.41
Cross section is 0.0176
Sum of weights is 422192.00
********************************************************************************
    Summary for plot group wzjj-ewk__notaus
    Total entries in all states: 0.41
    0.41 events in state analyzeWZ/Ntuple
********************************************************************************
________________________________________________________________________________
Results for file wlljj-ewk-allscales in plot group wzjj-ewk-allscales__maxptj
Number of events in analyzeWZ/Ntuple channel: 0.38
Number of entries is 32093
Total number of events: 0.38
Cross section is 0.0071
Sum of weights is 599000.00
********************************************************************************
    Summary for plot group wzjj-ewk-allscales__maxptj
    Total entries in all states: 0.38
    0.38 events in state analyzeWZ/Ntuple
********************************************************************************
________________________________________________________________________________
Results for file wzjj-vbfnlo-lo in plot group wzjj-vbfnlo-lo
Number of events in analyzeWZ/Ntuple channel: 0.24
Number of entries is 7830
Total number of events: 0.24
Cross section is 0.0031
Sum of weights is 100000.00
********************************************************************************
    Summary for plot group wzjj-vbfnlo-lo
    Total entries in all states: 0.24
    0.24 events in state analyzeWZ/Ntuple
********************************************************************************
________________________________________________________________________________
Results for file wzjj-vbfnlo-lo-fixedscale in plot group wzjj-vbfnlo-lo-fixedscale
Number of events in analyzeWZ/Ntuple channel: 0.29
Number of entries is 8829
Total number of events: 0.29
Cross section is 0.0033
Sum of weights is 100000.00
********************************************************************************
    Summary for plot group wzjj-vbfnlo-lo-fixedscale
    Total entries in all states: 0.29
    0.29 events in state analyzeWZ/Ntuple
********************************************************************************
________________________________________________________________________________
Results for file wlljj-ewk-fixedscale in plot group wzjj-ewk-fixedscale
Number of events in analyzeWZ/Ntuple channel: 0.44
Number of entries is 49866
Total number of events: 0.44
Cross section is 0.0076
Sum of weights is 868000.00
********************************************************************************
    Summary for plot group wzjj-ewk-fixedscale
    Total entries in all states: 0.44
    0.44 events in state analyzeWZ/Ntuple
********************************************************************************
