________________________________________________________________________________
Results for file wlljj-ewk-fixedscale in plot group wzjj-ewk-fixedscale
Number of events in analyzeWZ/Ntuple channel: 0.00
Number of entries is 49866
Total number of events: 0.00
Cross section is 0.0076
Sum of weights is 868000.00
********************************************************************************
    Summary for plot group wzjj-ewk-fixedscale
    Total entries in all states: 0.00
    0.00 events in state analyzeWZ/Ntuple
********************************************************************************
________________________________________________________________________________
Results for file wzjj-vbfnlo-lo-fixedscale in plot group wzjj-vbfnlo-lo-fixedscale
Number of events in analyzeWZ/Ntuple channel: 0.00
Number of entries is 8829
Total number of events: 0.00
Cross section is 0.0033
Sum of weights is 100000.00
********************************************************************************
    Summary for plot group wzjj-vbfnlo-lo-fixedscale
    Total entries in all states: 0.00
    0.00 events in state analyzeWZ/Ntuple
********************************************************************************
