This is pdfTeXk, Version 3.141592-1.40.3 (Web2C 7.5.6) (format=pdflatex 2018.1.29)  13 FEB 2018 11:00
entering extended mode
 %&-line parsing enabled.
**vbs_main
(./vbs_main.tex
LaTeX2e <2005/12/01>
Babel <v3.8h> and hyphenation patterns for english, usenglishmax, dumylang, noh
yphenation, arabic, basque, bulgarian, coptic, welsh, czech, slovak, german, ng
erman, danish, esperanto, spanish, catalan, galician, estonian, farsi, finnish,
 french, greek, monogreek, ancientgreek, croatian, hungarian, interlingua, ibyc
us, indonesian, icelandic, italian, latin, mongolian, dutch, norsk, polish, por
tuguese, pinyin, romanian, russian, slovenian, uppersorbian, serbian, swedish, 
turkish, ukenglish, ukrainian, loaded.
(./cernrep.cls
Document Class: cernrep 1995/02/14 cernrep class
(/usr/share/texmf/tex/latex/base/article.cls
Document Class: article 2005/09/16 v1.4f Standard LaTeX document class
(/usr/share/texmf/tex/latex/base/size11.clo
File: size11.clo 2005/09/16 v1.4f Standard LaTeX file (size option)
)
\c@part=\count79
\c@section=\count80
\c@subsection=\count81
\c@subsubsection=\count82
\c@paragraph=\count83
\c@subparagraph=\count84
\c@figure=\count85
\c@table=\count86
\abovecaptionskip=\skip41
\belowcaptionskip=\skip42
\bibindent=\dimen102
)
(/usr/share/texmf/tex/latex/ntgclass/a4.sty
Package: a4 2004/04/15 v1.2g A4 based page layout
)
(/usr/share/texmf/tex/latex/psnfss/times.sty
Package: times 2005/04/12 PSNFSS-v9.2a (SPQR) 
)
Document Style `cernrep' 1.0 2 June 1997
) (/usr/share/texmf/tex/latex/graphics/graphicx.sty
Package: graphicx 1999/02/16 v1.0f Enhanced LaTeX Graphics (DPC,SPQR)

(/usr/share/texmf/tex/latex/graphics/keyval.sty
Package: keyval 1999/03/16 v1.13 key=value parser (DPC)
\KV@toks@=\toks14
)
(/usr/share/texmf/tex/latex/graphics/graphics.sty
Package: graphics 2006/02/20 v1.0o Standard LaTeX Graphics (DPC,SPQR)

(/usr/share/texmf/tex/latex/graphics/trig.sty
Package: trig 1999/03/16 v1.09 sin cos tan (DPC)
)
(/usr/share/texmf/tex/latex/config/graphics.cfg
File: graphics.cfg 2007/01/18 v1.5 graphics configuration of teTeX/TeXLive
)
Package graphics Info: Driver file: pdftex.def on input line 90.

(/usr/share/texmf/tex/latex/pdftex-def/pdftex.def
File: pdftex.def 2007/01/08 v0.04d Graphics/color for pdfTeX
\Gread@gobject=\count87
))
\Gin@req@height=\dimen103
\Gin@req@width=\dimen104
)
(/usr/share/texmf/tex/latex/graphics/epsfig.sty
Package: epsfig 1999/02/16 v1.7a (e)psfig emulation (SPQR)
\epsfxsize=\dimen105
\epsfysize=\dimen106
)
(/usr/share/texmf/tex/latex/tools/xspace.sty
Package: xspace 2006/05/08 v1.12 Space after command names (DPC,MH)
)
(/usr/share/texmf/tex/latex/amsmath/amsmath.sty
Package: amsmath 2000/07/18 v2.13 AMS math features
\@mathmargin=\skip43

For additional information on amsmath, use the `?' option.
(/usr/share/texmf/tex/latex/amsmath/amstext.sty
Package: amstext 2000/06/29 v2.01

(/usr/share/texmf/tex/latex/amsmath/amsgen.sty
File: amsgen.sty 1999/11/30 v2.0
\@emptytoks=\toks15
\ex@=\dimen107
))
(/usr/share/texmf/tex/latex/amsmath/amsbsy.sty
Package: amsbsy 1999/11/29 v1.2d
\pmbraise@=\dimen108
)
(/usr/share/texmf/tex/latex/amsmath/amsopn.sty
Package: amsopn 1999/12/14 v2.01 operator names
)
\inf@bad=\count88
LaTeX Info: Redefining \frac on input line 211.
\uproot@=\count89
\leftroot@=\count90
LaTeX Info: Redefining \overline on input line 307.
\classnum@=\count91
\DOTSCASE@=\count92
LaTeX Info: Redefining \ldots on input line 379.
LaTeX Info: Redefining \dots on input line 382.
LaTeX Info: Redefining \cdots on input line 467.
\Mathstrutbox@=\box26
\strutbox@=\box27
\big@size=\dimen109
LaTeX Font Info:    Redeclaring font encoding OML on input line 567.
LaTeX Font Info:    Redeclaring font encoding OMS on input line 568.
\macc@depth=\count93
\c@MaxMatrixCols=\count94
\dotsspace@=\muskip10
\c@parentequation=\count95
\dspbrk@lvl=\count96
\tag@help=\toks16
\row@=\count97
\column@=\count98
\maxfields@=\count99
\andhelp@=\toks17
\eqnshift@=\dimen110
\alignsep@=\dimen111
\tagshift@=\dimen112
\tagwidth@=\dimen113
\totwidth@=\dimen114
\lineht@=\dimen115
\@envbody=\toks18
\multlinegap=\skip44
\multlinetaggap=\skip45
\mathdisplay@stack=\toks19
LaTeX Info: Redefining \[ on input line 2666.
LaTeX Info: Redefining \] on input line 2667.
)
(/usr/share/texmf/tex/latex/graphics/color.sty
Package: color 2005/11/14 v1.0j Standard LaTeX Color (DPC)

(/usr/share/texmf/tex/latex/config/color.cfg
File: color.cfg 2007/01/18 v1.5 color configuration of teTeX/TeXLive
)
Package color Info: Driver file: pdftex.def on input line 130.
)
(/usr/share/texmf/tex/latex/ltxmisc/morefloats.sty
\bx@S=\insert233
\bx@T=\insert232
\bx@U=\insert231
\bx@V=\insert230
\bx@W=\insert229
\bx@X=\insert228
\bx@Y=\insert227
\bx@Z=\insert226
\bx@AA=\insert225
\bx@BB=\insert224
\bx@CC=\insert223
\bx@DD=\insert222
\bx@EE=\insert221
\bx@FF=\insert220
\bx@GG=\insert219
\bx@HH=\insert218
\bx@II=\insert217
\bx@JJ=\insert216
) (./vbs_main.aux)
\openout1 = `vbs_main.aux'.

LaTeX Font Info:    Checking defaults for OML/cmm/m/it on input line 62.
LaTeX Font Info:    ... okay on input line 62.
LaTeX Font Info:    Checking defaults for T1/cmr/m/n on input line 62.
LaTeX Font Info:    ... okay on input line 62.
LaTeX Font Info:    Checking defaults for OT1/cmr/m/n on input line 62.
LaTeX Font Info:    ... okay on input line 62.
LaTeX Font Info:    Checking defaults for OMS/cmsy/m/n on input line 62.
LaTeX Font Info:    ... okay on input line 62.
LaTeX Font Info:    Checking defaults for OMX/cmex/m/n on input line 62.
LaTeX Font Info:    ... okay on input line 62.
LaTeX Font Info:    Checking defaults for U/cmr/m/n on input line 62.
LaTeX Font Info:    ... okay on input line 62.
LaTeX Font Info:    Try loading font information for OT1+ptm on input line 62.

(/usr/share/texmf/tex/latex/psnfss/ot1ptm.fd
File: ot1ptm.fd 2001/06/04 font definitions for OT1/ptm.
)
LaTeX Font Info:    Font shape `OT1/ptm/bx/n' in size <10.95> not available
(Font)              Font shape `OT1/ptm/b/n' tried instead on input line 70.
 [1

{/usr/share/texmf/fonts/map/pdftex/updmap/pdftex.map}] [2]
LaTeX Font Info:    Try loading font information for OT1+pcr on input line 171.

 (/usr/share/texmf/tex/latex/psnfss/ot1pcr.fd
File: ot1pcr.fd 2001/06/04 font definitions for OT1/pcr.
)
Overfull \hbox (7.06494pt too wide) in paragraph at lines 200--209
[]\OT1/ptm/m/n/10.95 For this study the rel-e-vant tree-level ma-trix el-e-ment
s have been pro-vided by an in-ter-face to VBFNLO
 []

[3] [4]
LaTeX Font Info:    Try loading font information for OMS+ptm on input line 326.

 (/usr/share/texmf/tex/latex/psnfss/omsptm.fd
File: omsptm.fd 
)
LaTeX Font Info:    Font shape `OMS/ptm/m/n' in size <10.95> not available
(Font)              Font shape `OMS/cmsy/m/n' tried instead on input line 326.
 [5]
<figs/histogram_invariant_mass_mjj12.pdf, id=31, 435.6275pt x 381.425pt>
File: figs/histogram_invariant_mass_mjj12.pdf Graphic file (type pdf)

<use figs/histogram_invariant_mass_mjj12.pdf>
<figs/histogram_rapidity_separation_j1j2.pdf, id=32, 435.6275pt x 381.425pt>
File: figs/histogram_rapidity_separation_j1j2.pdf Graphic file (type pdf)

<use figs/histogram_rapidity_separation_j1j2.pdf>
<figs/histogram_transverse_momentum_muamu.pdf, id=33, 435.6275pt x 381.425pt>
File: figs/histogram_transverse_momentum_muamu.pdf Graphic file (type pdf)

<use figs/histogram_transverse_momentum_muamu.pdf>
<figs/histogram_distance_djj12.pdf, id=34, 435.6275pt x 381.425pt>
File: figs/histogram_distance_djj12.pdf Graphic file (type pdf)

<use figs/histogram_distance_djj12.pdf> [6] [7 <./figs/histogram_invariant_mass
_mjj12.pdf> <./figs/histogram_rapidity_separation_j1j2.pdf> <./figs/histogram_t
ransverse_momentum_muamu.pdf> <./figs/histogram_distance_djj12.pdf>]
<figs/mjj_FixedOrder.pdf, id=115, 569.12625pt x 552.0625pt>
File: figs/mjj_FixedOrder.pdf Graphic file (type pdf)

<use figs/mjj_FixedOrder.pdf>
<figs/dEtajj_FixedOrder.pdf, id=116, 569.12625pt x 552.0625pt>
File: figs/dEtajj_FixedOrder.pdf Graphic file (type pdf)

<use figs/dEtajj_FixedOrder.pdf>
<figs/VBFNLO_WmZ_OF_mjj.pdf, id=117, 337.16966pt x 361.35pt>
File: figs/VBFNLO_WmZ_OF_mjj.pdf Graphic file (type pdf)

<use figs/VBFNLO_WmZ_OF_mjj.pdf>
<figs/VBFNLO_WmZ_OF_dEtajj.pdf, id=118, 337.16966pt x 361.35pt>
File: figs/VBFNLO_WmZ_OF_dEtajj.pdf Graphic file (type pdf)

<use figs/VBFNLO_WmZ_OF_dEtajj.pdf>
<figs/VBFNLO_WmZ_OF_ZPt.pdf, id=119, 337.16966pt x 361.35pt>
File: figs/VBFNLO_WmZ_OF_ZPt.pdf Graphic file (type pdf)

<use figs/VBFNLO_WmZ_OF_ZPt.pdf>
<figs/VBFNLO_WmZ_OF_dRjj.pdf, id=120, 337.16966pt x 361.35pt>
File: figs/VBFNLO_WmZ_OF_dRjj.pdf Graphic file (type pdf)

<use figs/VBFNLO_WmZ_OF_dRjj.pdf> [8 <./figs/mjj_FixedOrder.pdf, page is rotate
d 90 degrees> <./figs/dEtajj_FixedOrder.pdf, page is rotated 90 degrees>]
[9 <./figs/VBFNLO_WmZ_OF_mjj.pdf> <./figs/VBFNLO_WmZ_OF_dEtajj.pdf> <./figs/VBF
NLO_WmZ_OF_ZPt.pdf> <./figs/VBFNLO_WmZ_OF_dRjj.pdf>]
<figs/VBFNLO_WmZ_OF_zep3l.pdf, id=303, 337.16966pt x 361.35pt>
File: figs/VBFNLO_WmZ_OF_zep3l.pdf Graphic file (type pdf)

<use figs/VBFNLO_WmZ_OF_zep3l.pdf>
<figs/VBFNLO_WmZ_OF_zepj3.pdf, id=304, 337.16966pt x 361.35pt>
File: figs/VBFNLO_WmZ_OF_zepj3.pdf Graphic file (type pdf)

<use figs/VBFNLO_WmZ_OF_zepj3.pdf>
<figs/VBFNLO_WmZ_OF_nJets.pdf, id=305, 337.16966pt x 361.35pt>
File: figs/VBFNLO_WmZ_OF_nJets.pdf Graphic file (type pdf)

<use figs/VBFNLO_WmZ_OF_nJets.pdf>
<figs/dyn_WmZ_OF_mjj.pdf, id=306, 337.16966pt x 361.35pt>
File: figs/dyn_WmZ_OF_mjj.pdf Graphic file (type pdf)

<use figs/dyn_WmZ_OF_mjj.pdf>
<figs/dyn_WmZ_OF_dEtajj.pdf, id=307, 337.16966pt x 361.35pt>
File: figs/dyn_WmZ_OF_dEtajj.pdf Graphic file (type pdf)

<use figs/dyn_WmZ_OF_dEtajj.pdf>
<figs/dyn_WmZ_OF_ZPt.pdf, id=308, 337.16966pt x 361.35pt>
File: figs/dyn_WmZ_OF_ZPt.pdf Graphic file (type pdf)

<use figs/dyn_WmZ_OF_ZPt.pdf>
<figs/dyn_WmZ_OF_dRjj.pdf, id=309, 337.16966pt x 361.35pt>
File: figs/dyn_WmZ_OF_dRjj.pdf Graphic file (type pdf)

<use figs/dyn_WmZ_OF_dRjj.pdf>
<figs/dyn_WmZ_OF_zep3l.pdf, id=310, 337.16966pt x 361.35pt>
File: figs/dyn_WmZ_OF_zep3l.pdf Graphic file (type pdf)

<use figs/dyn_WmZ_OF_zep3l.pdf>
<figs/dyn_WmZ_OF_zepj3.pdf, id=311, 337.16966pt x 361.35pt>
File: figs/dyn_WmZ_OF_zepj3.pdf Graphic file (type pdf)

<use figs/dyn_WmZ_OF_zepj3.pdf>
<figs/dyn_WmZ_OF_nJets.pdf, id=312, 337.16966pt x 361.35pt>
File: figs/dyn_WmZ_OF_nJets.pdf Graphic file (type pdf)

<use figs/dyn_WmZ_OF_nJets.pdf> [10] [11 <./figs/VBFNLO_WmZ_OF_zep3l.pdf> <./fi
gs/VBFNLO_WmZ_OF_zepj3.pdf> <./figs/VBFNLO_WmZ_OF_nJets.pdf>] [12 <./figs/dyn_W
mZ_OF_mjj.pdf> <./figs/dyn_WmZ_OF_dEtajj.pdf> <./figs/dyn_WmZ_OF_ZPt.pdf> <./fi
gs/dyn_WmZ_OF_dRjj.pdf>] [13 <./figs/dyn_WmZ_OF_zep3l.pdf> <./figs/dyn_WmZ_OF_z
epj3.pdf> <./figs/dyn_WmZ_OF_nJets.pdf>] (./vbs_main.bbl
Missing character: There is no Ã in font ptmr7t!
Missing character: There is no ¤ in font ptmr7t!
 [14]
Missing character: There is no Ã in font ptmr7t!
Missing character: There is no ¤ in font ptmr7t!
Missing character: There is no Ã in font ptmr7t!
Missing character: There is no ³ in font ptmr7t!
 [15]) [16]
(./vbs_main.aux) ) 
Here is how much of TeX's memory you used:
 1690 strings out of 256214
 21903 string characters out of 1917000
 76598 words of memory out of 1500000
 4937 multiletter control sequences out of 10000+200000
 22545 words of font info for 51 fonts, out of 1200000 for 2000
 645 hyphenation exceptions out of 8191
 27i,11n,24p,1073b,292s stack positions out of 5000i,500n,6000p,200000b,15000s
{/usr/share/texmf/fonts/enc/dvips/base/8r.enc}</usr/share/tex
mf/fonts/type1/bluesky/cm/cmex10.pfb></usr/share/texmf/fonts/type1/bluesky/cm/c
mmi10.pfb></usr/share/texmf/fonts/type1/bluesky/cm/cmmi6.pfb></usr/share/texmf/
fonts/type1/bluesky/cm/cmmi8.pfb></usr/share/texmf/fonts/type1/bluesky/cm/cmmi9
.pfb></usr/share/texmf/fonts/type1/bluesky/cm/cmr10.pfb></usr/share/texmf/fonts
/type1/bluesky/cm/cmr6.pfb></usr/share/texmf/fonts/type1/bluesky/cm/cmr8.pfb></
usr/share/texmf/fonts/type1/bluesky/cm/cmr9.pfb></usr/share/texmf/fonts/type1/b
luesky/cm/cmsy10.pfb></usr/share/texmf/fonts/type1/bluesky/cm/cmsy6.pfb></usr/s
hare/texmf/fonts/type1/bluesky/cm/cmsy8.pfb></usr/share/texmf/fonts/type1/blues
ky/cm/cmsy9.pfb></usr/share/texmf/fonts/type1/public/mathpazo/fplmr.pfb></usr/s
hare/texmf/fonts/type1/public/mathpazo/fplmri.pfb></usr/share/texmf/fonts/type1
/public/fpl/fplrc8a.pfb></usr/share/texmf/fonts/type1/urw/courier/ucrr8a.pfb></
usr/share/texmf/fonts/type1/urw/symbol/usyr.pfb></usr/share/texmf/fonts/type1/u
rw/times/utmb8a.pfb></usr/share/texmf/fonts/type1/urw/times/utmr8a.pfb></usr/sh
are/texmf/fonts/type1/urw/times/utmri8a.pfb>
Output written on vbs_main.pdf (16 pages, 624784 bytes).
PDF statistics:
 596 PDF objects out of 1000 (max. 8388607)
 0 named destinations out of 1000 (max. 131072)
 101 words of extra memory for PDF output out of 10000 (max. 10000000)

